<?xml version="1.0" encoding="UTF-8"?>
<coverage generated="1550837353150" clover="3.2.0">
  <project timestamp="1550837353150" name="All files">
    <metrics statements="54" coveredstatements="54" conditionals="0" coveredconditionals="0" methods="4" coveredmethods="4" elements="58" coveredelements="58" complexity="0" loc="54" ncloc="54" packages="5" files="7" classes="7"/>
    <package name="components.Button.src">
      <metrics statements="4" coveredstatements="4" conditionals="0" coveredconditionals="0" methods="1" coveredmethods="1"/>
      <file name="Button.js" path="/development/Mercury/components/src/components/Button/src/Button.js">
        <metrics statements="4" coveredstatements="4" conditionals="0" coveredconditionals="0" methods="1" coveredmethods="1"/>
        <line num="14" count="1" type="stmt"/>
        <line num="61" count="1" type="stmt"/>
        <line num="66" count="1" type="stmt"/>
        <line num="67" count="3" type="stmt"/>
      </file>
    </package>
    <package name="components.Checkbox.src">
      <metrics statements="6" coveredstatements="6" conditionals="0" coveredconditionals="0" methods="1" coveredmethods="1"/>
      <file name="Checkbox.js" path="/development/Mercury/components/src/components/Checkbox/src/Checkbox.js">
        <metrics statements="6" coveredstatements="6" conditionals="0" coveredconditionals="0" methods="1" coveredmethods="1"/>
        <line num="12" count="1" type="stmt"/>
        <line num="18" count="1" type="stmt"/>
        <line num="44" count="1" type="stmt"/>
        <line num="83" count="1" type="stmt"/>
        <line num="86" count="2" type="stmt"/>
        <line num="92" count="1" type="stmt"/>
      </file>
    </package>
    <package name="components.Input.src">
      <metrics statements="3" coveredstatements="3" conditionals="0" coveredconditionals="0" methods="1" coveredmethods="1"/>
      <file name="Input.js" path="/development/Mercury/components/src/components/Input/src/Input.js">
        <metrics statements="3" coveredstatements="3" conditionals="0" coveredconditionals="0" methods="1" coveredmethods="1"/>
        <line num="13" count="1" type="stmt"/>
        <line num="40" count="3" type="stmt"/>
        <line num="49" count="1" type="stmt"/>
      </file>
    </package>
    <package name="components.Paragraph.src">
      <metrics statements="2" coveredstatements="2" conditionals="0" coveredconditionals="0" methods="1" coveredmethods="1"/>
      <file name="Paragraph.js" path="/development/Mercury/components/src/components/Paragraph/src/Paragraph.js">
        <metrics statements="2" coveredstatements="2" conditionals="0" coveredconditionals="0" methods="1" coveredmethods="1"/>
        <line num="7" count="1" type="stmt"/>
        <line num="12" count="2" type="stmt"/>
      </file>
    </package>
    <package name="constants">
      <metrics statements="39" coveredstatements="39" conditionals="0" coveredconditionals="0" methods="0" coveredmethods="0"/>
      <file name="colours.js" path="/development/Mercury/components/src/constants/colours.js">
        <metrics statements="10" coveredstatements="10" conditionals="0" coveredconditionals="0" methods="0" coveredmethods="0"/>
        <line num="1" count="4" type="stmt"/>
        <line num="2" count="4" type="stmt"/>
        <line num="3" count="4" type="stmt"/>
        <line num="4" count="4" type="stmt"/>
        <line num="5" count="4" type="stmt"/>
        <line num="6" count="4" type="stmt"/>
        <line num="7" count="4" type="stmt"/>
        <line num="8" count="4" type="stmt"/>
        <line num="9" count="4" type="stmt"/>
        <line num="10" count="4" type="stmt"/>
      </file>
      <file name="spacing.js" path="/development/Mercury/components/src/constants/spacing.js">
        <metrics statements="12" coveredstatements="12" conditionals="0" coveredconditionals="0" methods="0" coveredmethods="0"/>
        <line num="3" count="4" type="stmt"/>
        <line num="8" count="4" type="stmt"/>
        <line num="13" count="4" type="stmt"/>
        <line num="18" count="4" type="stmt"/>
        <line num="23" count="4" type="stmt"/>
        <line num="28" count="4" type="stmt"/>
        <line num="33" count="4" type="stmt"/>
        <line num="38" count="4" type="stmt"/>
        <line num="43" count="4" type="stmt"/>
        <line num="48" count="4" type="stmt"/>
        <line num="53" count="4" type="stmt"/>
        <line num="66" count="4" type="stmt"/>
      </file>
      <file name="typography.js" path="/development/Mercury/components/src/constants/typography.js">
        <metrics statements="17" coveredstatements="17" conditionals="0" coveredconditionals="0" methods="0" coveredmethods="0"/>
        <line num="9" count="4" type="stmt"/>
        <line num="25" count="4" type="stmt"/>
        <line num="41" count="4" type="stmt"/>
        <line num="57" count="4" type="stmt"/>
        <line num="73" count="4" type="stmt"/>
        <line num="89" count="4" type="stmt"/>
        <line num="105" count="4" type="stmt"/>
        <line num="126" count="4" type="stmt"/>
        <line num="127" count="4" type="stmt"/>
        <line num="128" count="4" type="stmt"/>
        <line num="129" count="4" type="stmt"/>
        <line num="130" count="4" type="stmt"/>
        <line num="131" count="4" type="stmt"/>
        <line num="132" count="4" type="stmt"/>
        <line num="135" count="4" type="stmt"/>
        <line num="146" count="4" type="stmt"/>
        <line num="156" count="4" type="stmt"/>
      </file>
    </package>
  </project>
</coverage>
