{"/development/Mercury/components/src/components/Button/src/Button.js": {"path":"/development/Mercury/components/src/components/Button/src/Button.js","statementMap":{"0":{"start":{"line":14,"column":21},"end":{"line":59,"column":1}},"1":{"start":{"line":61,"column":0},"end":{"line":61,"column":36}},"2":{"start":{"line":66,"column":15},"end":{"line":70,"column":1}},"3":{"start":{"line":67,"column":1},"end":{"line":69,"column":16}}},"fnMap":{"0":{"name":"(anonymous_0)","decl":{"start":{"line":66,"column":15},"end":{"line":66,"column":16}},"loc":{"start":{"line":67,"column":1},"end":{"line":69,"column":16}},"line":67}},"branchMap":{},"s":{"0":1,"1":1,"2":1,"3":3},"f":{"0":3},"b":{},"_coverageSchema":"332fd63041d2c1bcb487cc26dd0d5f7d97098a6c","hash":"2e0101fd4931747e56d48ca70477ed75771f9085"}
,"/development/Mercury/components/src/components/Checkbox/src/Checkbox.js": {"path":"/development/Mercury/components/src/components/Checkbox/src/Checkbox.js","statementMap":{"0":{"start":{"line":12,"column":23},"end":{"line":16,"column":1}},"1":{"start":{"line":18,"column":20},"end":{"line":42,"column":1}},"2":{"start":{"line":44,"column":20},"end":{"line":81,"column":1}},"3":{"start":{"line":83,"column":17},"end":{"line":90,"column":1}},"4":{"start":{"line":86,"column":2},"end":{"line":89,"column":19}},"5":{"start":{"line":92,"column":0},"end":{"line":94,"column":2}}},"fnMap":{"0":{"name":"(anonymous_0)","decl":{"start":{"line":83,"column":17},"end":{"line":83,"column":18}},"loc":{"start":{"line":86,"column":2},"end":{"line":89,"column":19}},"line":86}},"branchMap":{},"s":{"0":1,"1":1,"2":1,"3":1,"4":2,"5":1},"f":{"0":2},"b":{},"_coverageSchema":"332fd63041d2c1bcb487cc26dd0d5f7d97098a6c","hash":"a48325a6196a1fe88a1043fcd1bda4278d1adc50"}
,"/development/Mercury/components/src/components/Input/src/Input.js": {"path":"/development/Mercury/components/src/components/Input/src/Input.js","statementMap":{"0":{"start":{"line":13,"column":20},"end":{"line":38,"column":1}},"1":{"start":{"line":40,"column":14},"end":{"line":40,"column":76}},"2":{"start":{"line":40,"column":38},"end":{"line":40,"column":76}},"3":{"start":{"line":49,"column":0},"end":{"line":51,"column":2}}},"fnMap":{"0":{"name":"(anonymous_0)","decl":{"start":{"line":40,"column":14},"end":{"line":40,"column":15}},"loc":{"start":{"line":40,"column":38},"end":{"line":40,"column":76}},"line":40}},"branchMap":{},"s":{"0":1,"1":1,"2":3,"3":1},"f":{"0":3},"b":{},"_coverageSchema":"332fd63041d2c1bcb487cc26dd0d5f7d97098a6c","hash":"0bd157fb775cbf5052050717099b5c0c1955f1d8"}
,"/development/Mercury/components/src/components/Paragraph/src/Paragraph.js": {"path":"/development/Mercury/components/src/components/Paragraph/src/Paragraph.js","statementMap":{"0":{"start":{"line":7,"column":24},"end":{"line":10,"column":2}},"1":{"start":{"line":12,"column":18},"end":{"line":12,"column":57}},"2":{"start":{"line":12,"column":27},"end":{"line":12,"column":57}}},"fnMap":{"0":{"name":"(anonymous_0)","decl":{"start":{"line":12,"column":18},"end":{"line":12,"column":19}},"loc":{"start":{"line":12,"column":27},"end":{"line":12,"column":57}},"line":12}},"branchMap":{},"s":{"0":1,"1":1,"2":2},"f":{"0":2},"b":{},"_coverageSchema":"332fd63041d2c1bcb487cc26dd0d5f7d97098a6c","hash":"122f0d722b02994c745b8c0d5abfa31fd180df98"}
,"/development/Mercury/components/src/constants/colours.js": {"path":"/development/Mercury/components/src/constants/colours.js","statementMap":{"0":{"start":{"line":1,"column":23},"end":{"line":1,"column":32}},"1":{"start":{"line":2,"column":25},"end":{"line":2,"column":34}},"2":{"start":{"line":3,"column":24},"end":{"line":3,"column":33}},"3":{"start":{"line":4,"column":24},"end":{"line":4,"column":33}},"4":{"start":{"line":5,"column":21},"end":{"line":5,"column":27}},"5":{"start":{"line":6,"column":21},"end":{"line":6,"column":27}},"6":{"start":{"line":7,"column":28},"end":{"line":7,"column":30}},"7":{"start":{"line":8,"column":34},"end":{"line":8,"column":43}},"8":{"start":{"line":9,"column":27},"end":{"line":9,"column":36}},"9":{"start":{"line":10,"column":28},"end":{"line":10,"column":37}}},"fnMap":{},"branchMap":{},"s":{"0":4,"1":4,"2":4,"3":4,"4":4,"5":4,"6":4,"7":4,"8":4,"9":4},"f":{},"b":{},"_coverageSchema":"332fd63041d2c1bcb487cc26dd0d5f7d97098a6c","hash":"7fdc142cc8a571552512ce665955f95e5c06ac64"}
,"/development/Mercury/components/src/constants/spacing.js": {"path":"/development/Mercury/components/src/constants/spacing.js","statementMap":{"0":{"start":{"line":3,"column":28},"end":{"line":6,"column":3}},"1":{"start":{"line":8,"column":30},"end":{"line":11,"column":3}},"2":{"start":{"line":13,"column":30},"end":{"line":16,"column":3}},"3":{"start":{"line":18,"column":30},"end":{"line":21,"column":3}},"4":{"start":{"line":23,"column":30},"end":{"line":26,"column":3}},"5":{"start":{"line":28,"column":30},"end":{"line":31,"column":3}},"6":{"start":{"line":33,"column":30},"end":{"line":36,"column":3}},"7":{"start":{"line":38,"column":30},"end":{"line":41,"column":3}},"8":{"start":{"line":43,"column":30},"end":{"line":46,"column":3}},"9":{"start":{"line":48,"column":30},"end":{"line":51,"column":3}},"10":{"start":{"line":53,"column":29},"end":{"line":64,"column":3}},"11":{"start":{"line":66,"column":35},"end":{"line":66,"column":79}}},"fnMap":{},"branchMap":{},"s":{"0":4,"1":4,"2":4,"3":4,"4":4,"5":4,"6":4,"7":4,"8":4,"9":4,"10":4,"11":4},"f":{},"b":{},"_coverageSchema":"332fd63041d2c1bcb487cc26dd0d5f7d97098a6c","hash":"2ff8ea512ece7af0d0b58918a2b16b44278f80c2"}
,"/development/Mercury/components/src/constants/typography.js": {"path":"/development/Mercury/components/src/constants/typography.js","statementMap":{"0":{"start":{"line":9,"column":16},"end":{"line":23,"column":1}},"1":{"start":{"line":25,"column":16},"end":{"line":39,"column":1}},"2":{"start":{"line":41,"column":16},"end":{"line":55,"column":1}},"3":{"start":{"line":57,"column":16},"end":{"line":71,"column":1}},"4":{"start":{"line":73,"column":16},"end":{"line":87,"column":1}},"5":{"start":{"line":89,"column":16},"end":{"line":103,"column":1}},"6":{"start":{"line":105,"column":16},"end":{"line":119,"column":1}},"7":{"start":{"line":126,"column":16},"end":{"line":126,"column":23}},"8":{"start":{"line":127,"column":15},"end":{"line":127,"column":22}},"9":{"start":{"line":128,"column":14},"end":{"line":128,"column":21}},"10":{"start":{"line":129,"column":20},"end":{"line":129,"column":27}},"11":{"start":{"line":130,"column":15},"end":{"line":130,"column":22}},"12":{"start":{"line":131,"column":14},"end":{"line":131,"column":21}},"13":{"start":{"line":132,"column":15},"end":{"line":132,"column":22}},"14":{"start":{"line":135,"column":26},"end":{"line":143,"column":1}},"15":{"start":{"line":146,"column":25},"end":{"line":153,"column":1}},"16":{"start":{"line":156,"column":26},"end":{"line":163,"column":1}}},"fnMap":{},"branchMap":{},"s":{"0":4,"1":4,"2":4,"3":4,"4":4,"5":4,"6":4,"7":4,"8":4,"9":4,"10":4,"11":4,"12":4,"13":4,"14":4,"15":4,"16":4},"f":{},"b":{},"_coverageSchema":"332fd63041d2c1bcb487cc26dd0d5f7d97098a6c","hash":"366a6611b5adc20bbfdf259bcf3e7b11328a395a"}
}
