TN:
SF:/development/Mercury/components/src/components/Button/src/Button.js
FN:66,(anonymous_0)
FNF:1
FNH:1
FNDA:3,(anonymous_0)
DA:14,1
DA:61,1
DA:66,1
DA:67,3
LF:4
LH:4
BRF:0
BRH:0
end_of_record
TN:
SF:/development/Mercury/components/src/components/Checkbox/src/Checkbox.js
FN:83,(anonymous_0)
FNF:1
FNH:1
FNDA:2,(anonymous_0)
DA:12,1
DA:18,1
DA:44,1
DA:83,1
DA:86,2
DA:92,1
LF:6
LH:6
BRF:0
BRH:0
end_of_record
TN:
SF:/development/Mercury/components/src/components/Input/src/Input.js
FN:40,(anonymous_0)
FNF:1
FNH:1
FNDA:3,(anonymous_0)
DA:13,1
DA:40,3
DA:49,1
LF:3
LH:3
BRF:0
BRH:0
end_of_record
TN:
SF:/development/Mercury/components/src/components/Paragraph/src/Paragraph.js
FN:12,(anonymous_0)
FNF:1
FNH:1
FNDA:2,(anonymous_0)
DA:7,1
DA:12,2
LF:2
LH:2
BRF:0
BRH:0
end_of_record
TN:
SF:/development/Mercury/components/src/constants/colours.js
FNF:0
FNH:0
DA:1,4
DA:2,4
DA:3,4
DA:4,4
DA:5,4
DA:6,4
DA:7,4
DA:8,4
DA:9,4
DA:10,4
LF:10
LH:10
BRF:0
BRH:0
end_of_record
TN:
SF:/development/Mercury/components/src/constants/spacing.js
FNF:0
FNH:0
DA:3,4
DA:8,4
DA:13,4
DA:18,4
DA:23,4
DA:28,4
DA:33,4
DA:38,4
DA:43,4
DA:48,4
DA:53,4
DA:66,4
LF:12
LH:12
BRF:0
BRH:0
end_of_record
TN:
SF:/development/Mercury/components/src/constants/typography.js
FNF:0
FNH:0
DA:9,4
DA:25,4
DA:41,4
DA:57,4
DA:73,4
DA:89,4
DA:105,4
DA:126,4
DA:127,4
DA:128,4
DA:129,4
DA:130,4
DA:131,4
DA:132,4
DA:135,4
DA:146,4
DA:156,4
LF:17
LH:17
BRF:0
BRH:0
end_of_record
